This file contains any messages produced by compilers while
running configure, to aid debugging if configure makes a mistake.

It was created by kybertest configure 0.1.1, which was
generated by GNU Autoconf 2.71.  Invocation command line was

  $ ./configure --prefix=/usr/local/lib

## --------- ##
## Platform. ##
## --------- ##

hostname = LPCH-8089
uname -m = x86_64
uname -r = 5.15.90.1-microsoft-standard-WSL2
uname -s = Linux
uname -v = #1 SMP Fri Jan 27 02:56:13 UTC 2023

/usr/bin/uname -p = x86_64
/bin/uname -X     = unknown

/bin/arch              = x86_64
/usr/bin/arch -k       = unknown
/usr/convex/getsysinfo = unknown
/usr/bin/hostinfo      = unknown
/bin/machine           = unknown
/usr/bin/oslevel       = unknown
/bin/universe          = unknown

PATH: /root/.nimble/bin/
PATH: /usr/local/sbin/
PATH: /usr/local/bin/
PATH: /usr/sbin/
PATH: /usr/bin/
PATH: /sbin/
PATH: /bin/
PATH: /usr/games/
PATH: /usr/local/games/
PATH: /snap/bin/


## ----------- ##
## Core tests. ##
## ----------- ##

configure:2554: looking for aux files: compile missing install-sh
configure:2567:  trying ./
configure:2596:   ./compile found
configure:2596:   ./missing found
configure:2578:   ./install-sh found
configure:2726: checking for a BSD-compatible install
configure:2799: result: /usr/bin/install -c
configure:2810: checking whether build environment is sane
configure:2865: result: yes
configure:3024: checking for a race-free mkdir -p
configure:3068: result: /usr/bin/mkdir -p
configure:3075: checking for gawk
configure:3096: found /usr/bin/gawk
configure:3107: result: gawk
configure:3118: checking whether make sets $(MAKE)
configure:3141: result: yes
configure:3171: checking whether make supports nested variables
configure:3189: result: yes
configure:3326: checking whether to enable maintainer-specific portions of Makefiles
configure:3336: result: no
configure:3421: checking for gcc
configure:3442: found /usr/bin/gcc
configure:3453: result: gcc
configure:3806: checking for C compiler version
configure:3815: gcc --version >&5
gcc (Ubuntu 11.4.0-1ubuntu1~22.04) 11.4.0
Copyright (C) 2021 Free Software Foundation, Inc.
This is free software; see the source for copying conditions.  There is NO
warranty; not even for MERCHANTABILITY or FITNESS FOR A PARTICULAR PURPOSE.

configure:3826: $? = 0
configure:3815: gcc -v >&5
Using built-in specs.
COLLECT_GCC=gcc
COLLECT_LTO_WRAPPER=/usr/lib/gcc/x86_64-linux-gnu/11/lto-wrapper
OFFLOAD_TARGET_NAMES=nvptx-none:amdgcn-amdhsa
OFFLOAD_TARGET_DEFAULT=1
Target: x86_64-linux-gnu
Configured with: ../src/configure -v --with-pkgversion='Ubuntu 11.4.0-1ubuntu1~22.04' --with-bugurl=file:///usr/share/doc/gcc-11/README.Bugs --enable-languages=c,ada,c++,go,brig,d,fortran,objc,obj-c++,m2 --prefix=/usr --with-gcc-major-version-only --program-suffix=-11 --program-prefix=x86_64-linux-gnu- --enable-shared --enable-linker-build-id --libexecdir=/usr/lib --without-included-gettext --enable-threads=posix --libdir=/usr/lib --enable-nls --enable-bootstrap --enable-clocale=gnu --enable-libstdcxx-debug --enable-libstdcxx-time=yes --with-default-libstdcxx-abi=new --enable-gnu-unique-object --disable-vtable-verify --enable-plugin --enable-default-pie --with-system-zlib --enable-libphobos-checking=release --with-target-system-zlib=auto --enable-objc-gc=auto --enable-multiarch --disable-werror --enable-cet --with-arch-32=i686 --with-abi=m64 --with-multilib-list=m32,m64,mx32 --enable-multilib --with-tune=generic --enable-offload-targets=nvptx-none=/build/gcc-11-XeT9lY/gcc-11-11.4.0/debian/tmp-nvptx/usr,amdgcn-amdhsa=/build/gcc-11-XeT9lY/gcc-11-11.4.0/debian/tmp-gcn/usr --without-cuda-driver --enable-checking=release --build=x86_64-linux-gnu --host=x86_64-linux-gnu --target=x86_64-linux-gnu --with-build-config=bootstrap-lto-lean --enable-link-serialization=2
Thread model: posix
Supported LTO compression algorithms: zlib zstd
gcc version 11.4.0 (Ubuntu 11.4.0-1ubuntu1~22.04) 
... rest of stderr output deleted ...
configure:3826: $? = 0
configure:3815: gcc -V >&5
gcc: error: unrecognized command-line option '-V'
gcc: fatal error: no input files
compilation terminated.
configure:3826: $? = 1
configure:3815: gcc -qversion >&5
gcc: error: unrecognized command-line option '-qversion'; did you mean '--version'?
gcc: fatal error: no input files
compilation terminated.
configure:3826: $? = 1
configure:3815: gcc -version >&5
gcc: error: unrecognized command-line option '-version'
gcc: fatal error: no input files
compilation terminated.
configure:3826: $? = 1
configure:3846: checking whether the C compiler works
configure:3868: gcc    conftest.c  >&5
configure:3872: $? = 0
configure:3922: result: yes
configure:3925: checking for C compiler default output file name
configure:3927: result: a.out
configure:3933: checking for suffix of executables
configure:3940: gcc -o conftest    conftest.c  >&5
configure:3944: $? = 0
configure:3967: result: 
configure:3989: checking whether we are cross compiling
configure:3997: gcc -o conftest    conftest.c  >&5
configure:4001: $? = 0
configure:4008: ./conftest
configure:4012: $? = 0
configure:4027: result: no
configure:4032: checking for suffix of object files
configure:4055: gcc -c   conftest.c >&5
configure:4059: $? = 0
configure:4081: result: o
configure:4085: checking whether the compiler supports GNU C
configure:4105: gcc -c   conftest.c >&5
configure:4105: $? = 0
configure:4115: result: yes
configure:4126: checking whether gcc accepts -g
configure:4147: gcc -c -g  conftest.c >&5
configure:4147: $? = 0
configure:4191: result: yes
configure:4211: checking for gcc option to enable C11 features
configure:4226: gcc  -c -g -O2  conftest.c >&5
configure:4226: $? = 0
configure:4244: result: none needed
configure:4360: checking whether gcc understands -c and -o together
configure:4383: gcc -c conftest.c -o conftest2.o
configure:4386: $? = 0
configure:4383: gcc -c conftest.c -o conftest2.o
configure:4386: $? = 0
configure:4398: result: yes
configure:4418: checking whether make supports the include directive
configure:4433: make -f confmf.GNU && cat confinc.out
this is the am__doit target
configure:4436: $? = 0
configure:4455: result: yes (GNU style)
configure:4481: checking dependency style of gcc
configure:4593: result: gcc3
configure:4677: checking for g++
configure:4698: found /usr/bin/g++
configure:4709: result: g++
configure:4736: checking for C++ compiler version
configure:4745: g++ --version >&5
g++ (Ubuntu 11.4.0-1ubuntu1~22.04) 11.4.0
Copyright (C) 2021 Free Software Foundation, Inc.
This is free software; see the source for copying conditions.  There is NO
warranty; not even for MERCHANTABILITY or FITNESS FOR A PARTICULAR PURPOSE.

configure:4756: $? = 0
configure:4745: g++ -v >&5
Using built-in specs.
COLLECT_GCC=g++
COLLECT_LTO_WRAPPER=/usr/lib/gcc/x86_64-linux-gnu/11/lto-wrapper
OFFLOAD_TARGET_NAMES=nvptx-none:amdgcn-amdhsa
OFFLOAD_TARGET_DEFAULT=1
Target: x86_64-linux-gnu
Configured with: ../src/configure -v --with-pkgversion='Ubuntu 11.4.0-1ubuntu1~22.04' --with-bugurl=file:///usr/share/doc/gcc-11/README.Bugs --enable-languages=c,ada,c++,go,brig,d,fortran,objc,obj-c++,m2 --prefix=/usr --with-gcc-major-version-only --program-suffix=-11 --program-prefix=x86_64-linux-gnu- --enable-shared --enable-linker-build-id --libexecdir=/usr/lib --without-included-gettext --enable-threads=posix --libdir=/usr/lib --enable-nls --enable-bootstrap --enable-clocale=gnu --enable-libstdcxx-debug --enable-libstdcxx-time=yes --with-default-libstdcxx-abi=new --enable-gnu-unique-object --disable-vtable-verify --enable-plugin --enable-default-pie --with-system-zlib --enable-libphobos-checking=release --with-target-system-zlib=auto --enable-objc-gc=auto --enable-multiarch --disable-werror --enable-cet --with-arch-32=i686 --with-abi=m64 --with-multilib-list=m32,m64,mx32 --enable-multilib --with-tune=generic --enable-offload-targets=nvptx-none=/build/gcc-11-XeT9lY/gcc-11-11.4.0/debian/tmp-nvptx/usr,amdgcn-amdhsa=/build/gcc-11-XeT9lY/gcc-11-11.4.0/debian/tmp-gcn/usr --without-cuda-driver --enable-checking=release --build=x86_64-linux-gnu --host=x86_64-linux-gnu --target=x86_64-linux-gnu --with-build-config=bootstrap-lto-lean --enable-link-serialization=2
Thread model: posix
Supported LTO compression algorithms: zlib zstd
gcc version 11.4.0 (Ubuntu 11.4.0-1ubuntu1~22.04) 
... rest of stderr output deleted ...
configure:4756: $? = 0
configure:4745: g++ -V >&5
g++: error: unrecognized command-line option '-V'
g++: fatal error: no input files
compilation terminated.
configure:4756: $? = 1
configure:4745: g++ -qversion >&5
g++: error: unrecognized command-line option '-qversion'; did you mean '--version'?
g++: fatal error: no input files
compilation terminated.
configure:4756: $? = 1
configure:4760: checking whether the compiler supports GNU C++
configure:4780: g++ -c   conftest.cpp >&5
configure:4780: $? = 0
configure:4790: result: yes
configure:4801: checking whether g++ accepts -g
configure:4822: g++ -c -g  conftest.cpp >&5
configure:4822: $? = 0
configure:4866: result: yes
configure:4886: checking for g++ option to enable C++11 features
configure:4901: g++  -c -g -O2  conftest.cpp >&5
conftest.cpp: In function 'int main(int, char**)':
conftest.cpp:177:25: warning: empty parentheses were disambiguated as a function declaration [-Wvexing-parse]
  177 |   cxx11test::delegate d2();
      |                         ^~
conftest.cpp:177:25: note: remove parentheses to default-initialize a variable
  177 |   cxx11test::delegate d2();
      |                         ^~
      |                         --
conftest.cpp:177:25: note: or replace parentheses with braces to value-initialize a variable
configure:4901: $? = 0
configure:4919: result: none needed
configure:4985: checking dependency style of g++
configure:5097: result: gcc3
configure:5113: checking whether make sets $(MAKE)
configure:5136: result: yes
configure:5152: checking for EVP_CIPHER_CTX_new in -lcrypto
configure:5174: g++ -o conftest -g -O2   conftest.cpp -lcrypto   >&5
configure:5174: $? = 0
configure:5184: result: yes
configure:5194: checking for pqcrystals_sha2_ref_sha256 in -lpqcrystals_sha2_ref
configure:5216: g++ -o conftest -g -O2   conftest.cpp -lpqcrystals_sha2_ref  -lcrypto  >&5
configure:5216: $? = 0
configure:5226: result: yes
configure:5236: checking for pqcrystals_kyber_fips202_ref_shake256 in -lpqcrystals_fips202_ref
configure:5258: g++ -o conftest -g -O2   conftest.cpp -lpqcrystals_fips202_ref  -lpqcrystals_sha2_ref -lcrypto  >&5
configure:5258: $? = 0
configure:5268: result: yes
configure:5293: g++ -o conftest -g -O2   conftest.cpp -lpqcrystals_kyber1024_ref -lpqcrystals_fips202_ref -lpqcrystals_sha2_ref -lcrypto  >&5
configure:5293: $? = 0
configure:5307: checking for getrandom
configure:5307: g++ -o conftest -g -O2   conftest.cpp -lpqcrystals_kyber1024_ref -lpqcrystals_fips202_ref -lpqcrystals_sha2_ref -lcrypto  >&5
configure:5307: $? = 0
configure:5307: result: yes
configure:5321: checking for stdio.h
configure:5321: g++ -c -g -O2  conftest.cpp >&5
configure:5321: $? = 0
configure:5321: result: yes
configure:5321: checking for stdlib.h
configure:5321: g++ -c -g -O2  conftest.cpp >&5
configure:5321: $? = 0
configure:5321: result: yes
configure:5321: checking for string.h
configure:5321: g++ -c -g -O2  conftest.cpp >&5
configure:5321: $? = 0
configure:5321: result: yes
configure:5321: checking for inttypes.h
configure:5321: g++ -c -g -O2  conftest.cpp >&5
configure:5321: $? = 0
configure:5321: result: yes
configure:5321: checking for stdint.h
configure:5321: g++ -c -g -O2  conftest.cpp >&5
configure:5321: $? = 0
configure:5321: result: yes
configure:5321: checking for strings.h
configure:5321: g++ -c -g -O2  conftest.cpp >&5
configure:5321: $? = 0
configure:5321: result: yes
configure:5321: checking for sys/stat.h
configure:5321: g++ -c -g -O2  conftest.cpp >&5
configure:5321: $? = 0
configure:5321: result: yes
configure:5321: checking for sys/types.h
configure:5321: g++ -c -g -O2  conftest.cpp >&5
configure:5321: $? = 0
configure:5321: result: yes
configure:5321: checking for unistd.h
configure:5321: g++ -c -g -O2  conftest.cpp >&5
configure:5321: $? = 0
configure:5321: result: yes
configure:5346: checking for sys/random.h
configure:5346: g++ -c -g -O2  conftest.cpp >&5
configure:5346: $? = 0
configure:5346: result: yes
configure:5464: checking that generated files are newer than configure
configure:5470: result: done
configure:5501: creating ./config.status

## ---------------------- ##
## Running config.status. ##
## ---------------------- ##

This file was extended by kybertest config.status 0.1.1, which was
generated by GNU Autoconf 2.71.  Invocation command line was

  CONFIG_FILES    = 
  CONFIG_HEADERS  = 
  CONFIG_LINKS    = 
  CONFIG_COMMANDS = 
  $ ./config.status 

on LPCH-8089

config.status:860: creating Makefile
config.status:860: creating src/config.h
config.status:1089: executing depfiles commands
config.status:1166: cd .       && sed -e '/# am--include-marker/d' Makefile         | make -f - am--depfiles
config.status:1171: $? = 0

## ---------------- ##
## Cache variables. ##
## ---------------- ##

ac_cv_c_compiler_gnu=yes
ac_cv_cxx_compiler_gnu=yes
ac_cv_env_CCC_set=
ac_cv_env_CCC_value=
ac_cv_env_CC_set=
ac_cv_env_CC_value=
ac_cv_env_CFLAGS_set=
ac_cv_env_CFLAGS_value=
ac_cv_env_CPPFLAGS_set=
ac_cv_env_CPPFLAGS_value=
ac_cv_env_CXXFLAGS_set=
ac_cv_env_CXXFLAGS_value=
ac_cv_env_CXX_set=
ac_cv_env_CXX_value=
ac_cv_env_LDFLAGS_set=
ac_cv_env_LDFLAGS_value=
ac_cv_env_LIBS_set=
ac_cv_env_LIBS_value=
ac_cv_env_build_alias_set=
ac_cv_env_build_alias_value=
ac_cv_env_host_alias_set=
ac_cv_env_host_alias_value=
ac_cv_env_target_alias_set=
ac_cv_env_target_alias_value=
ac_cv_func_getrandom=yes
ac_cv_header_inttypes_h=yes
ac_cv_header_stdint_h=yes
ac_cv_header_stdio_h=yes
ac_cv_header_stdlib_h=yes
ac_cv_header_string_h=yes
ac_cv_header_strings_h=yes
ac_cv_header_sys_random_h=yes
ac_cv_header_sys_stat_h=yes
ac_cv_header_sys_types_h=yes
ac_cv_header_unistd_h=yes
ac_cv_lib_crypto_EVP_CIPHER_CTX_new=yes
ac_cv_lib_pqcrystals_fips202_ref_pqcrystals_kyber_fips202_ref_shake256=yes
ac_cv_lib_pqcrystals_sha2_ref_pqcrystals_sha2_ref_sha256=yes
ac_cv_objext=o
ac_cv_path_install='/usr/bin/install -c'
ac_cv_path_mkdir=/usr/bin/mkdir
ac_cv_prog_AWK=gawk
ac_cv_prog_ac_ct_CC=gcc
ac_cv_prog_ac_ct_CXX=g++
ac_cv_prog_cc_c11=
ac_cv_prog_cc_g=yes
ac_cv_prog_cc_stdc=
ac_cv_prog_cxx_11=no
ac_cv_prog_cxx_cxx11=
ac_cv_prog_cxx_g=yes
ac_cv_prog_cxx_stdcxx=
ac_cv_prog_make_make_set=yes
am_cv_CC_dependencies_compiler_type=gcc3
am_cv_CXX_dependencies_compiler_type=gcc3
am_cv_make_support_nested_variables=yes
am_cv_prog_cc_c_o=yes

## ----------------- ##
## Output variables. ##
## ----------------- ##

ACLOCAL='${SHELL} '\''/home/timo/crowntitanium/c4-kyber-CRYSTAL/missing'\'' aclocal-1.16'
AMDEPBACKSLASH='\'
AMDEP_FALSE='#'
AMDEP_TRUE=''
AMTAR='$${TAR-tar}'
AM_BACKSLASH='\'
AM_DEFAULT_V='$(AM_DEFAULT_VERBOSITY)'
AM_DEFAULT_VERBOSITY='1'
AM_V='$(V)'
AUTOCONF='${SHELL} '\''/home/timo/crowntitanium/c4-kyber-CRYSTAL/missing'\'' autoconf'
AUTOHEADER='${SHELL} '\''/home/timo/crowntitanium/c4-kyber-CRYSTAL/missing'\'' autoheader'
AUTOMAKE='${SHELL} '\''/home/timo/crowntitanium/c4-kyber-CRYSTAL/missing'\'' automake-1.16'
AWK='gawk'
CC='gcc'
CCDEPMODE='depmode=gcc3'
CFLAGS='-g -O2'
CPPFLAGS=''
CSCOPE='cscope'
CTAGS='ctags'
CXX='g++'
CXXDEPMODE='depmode=gcc3'
CXXFLAGS='-g -O2 -std=c++17 -g -Wall -pedantic'
CYGPATH_W='echo'
DEFS='-DHAVE_CONFIG_H'
DEPDIR='.deps'
ECHO_C=''
ECHO_N='-n'
ECHO_T=''
ETAGS='etags'
EXEEXT=''
INSTALL_DATA='${INSTALL} -m 644'
INSTALL_PROGRAM='${INSTALL}'
INSTALL_SCRIPT='${INSTALL}'
INSTALL_STRIP_PROGRAM='$(install_sh) -c -s'
LDFLAGS=''
LIBOBJS=''
LIBS='-lpqcrystals_kyber1024_ref -lpqcrystals_fips202_ref -lpqcrystals_sha2_ref -lcrypto '
LTLIBOBJS=''
MAINT='#'
MAINTAINER_MODE_FALSE=''
MAINTAINER_MODE_TRUE='#'
MAKEINFO='${SHELL} '\''/home/timo/crowntitanium/c4-kyber-CRYSTAL/missing'\'' makeinfo'
MKDIR_P='/usr/bin/mkdir -p'
OBJEXT='o'
PACKAGE='kybertest'
PACKAGE_BUGREPORT='thomas@habets.se'
PACKAGE_NAME='kybertest'
PACKAGE_STRING='kybertest 0.1.1'
PACKAGE_TARNAME='kybertest'
PACKAGE_URL=''
PACKAGE_VERSION='0.1.1'
PATH_SEPARATOR=':'
SET_MAKE=''
SHELL='/bin/bash'
STRIP=''
VERSION='0.1.1'
ac_ct_CC='gcc'
ac_ct_CXX='g++'
am__EXEEXT_FALSE=''
am__EXEEXT_TRUE='#'
am__fastdepCC_FALSE='#'
am__fastdepCC_TRUE=''
am__fastdepCXX_FALSE='#'
am__fastdepCXX_TRUE=''
am__include='include'
am__isrc=''
am__leading_dot='.'
am__nodep='_no'
am__quote=''
am__tar='$${TAR-tar} chof - "$$tardir"'
am__untar='$${TAR-tar} xf -'
bindir='${exec_prefix}/bin'
build_alias=''
datadir='${datarootdir}'
datarootdir='${prefix}/share'
docdir='${datarootdir}/doc/${PACKAGE_TARNAME}'
dvidir='${docdir}'
exec_prefix='${prefix}'
host_alias=''
htmldir='${docdir}'
includedir='${prefix}/include'
infodir='${datarootdir}/info'
install_sh='${SHELL} /home/timo/crowntitanium/c4-kyber-CRYSTAL/install-sh'
libdir='${exec_prefix}/lib'
libexecdir='${exec_prefix}/libexec'
localedir='${datarootdir}/locale'
localstatedir='${prefix}/var'
mandir='${datarootdir}/man'
mkdir_p='$(MKDIR_P)'
oldincludedir='/usr/include'
pdfdir='${docdir}'
prefix='/usr/local/lib'
program_transform_name='s,x,x,'
psdir='${docdir}'
runstatedir='${localstatedir}/run'
sbindir='${exec_prefix}/sbin'
sharedstatedir='${prefix}/com'
sysconfdir='${prefix}/etc'
target_alias=''

## ----------- ##
## confdefs.h. ##
## ----------- ##

/* confdefs.h */
#define PACKAGE_NAME "kybertest"
#define PACKAGE_TARNAME "kybertest"
#define PACKAGE_VERSION "0.1.1"
#define PACKAGE_STRING "kybertest 0.1.1"
#define PACKAGE_BUGREPORT "thomas@habets.se"
#define PACKAGE_URL ""
#define PACKAGE "kybertest"
#define VERSION "0.1.1"
#define HAVE_LIBCRYPTO 1
#define HAVE_LIBPQCRYSTALS_SHA2_REF 1
#define HAVE_LIBPQCRYSTALS_FIPS202_REF 1
#define HAVE_GETRANDOM 1
#define HAVE_STDIO_H 1
#define HAVE_STDLIB_H 1
#define HAVE_STRING_H 1
#define HAVE_INTTYPES_H 1
#define HAVE_STDINT_H 1
#define HAVE_STRINGS_H 1
#define HAVE_SYS_STAT_H 1
#define HAVE_SYS_TYPES_H 1
#define HAVE_UNISTD_H 1
#define STDC_HEADERS 1
#define HAVE_SYS_RANDOM_H 1

configure: exit 0

## ---------------------- ##
## Running config.status. ##
## ---------------------- ##

This file was extended by kybertest config.status 0.1.1, which was
generated by GNU Autoconf 2.71.  Invocation command line was

  CONFIG_FILES    = 
  CONFIG_HEADERS  = 
  CONFIG_LINKS    = 
  CONFIG_COMMANDS = 
  $ ./config.status 

on LPCH-8089

config.status:860: creating Makefile
config.status:860: creating src/config.h
config.status:1041: src/config.h is unchanged
config.status:1089: executing depfiles commands
config.status:1166: cd .       && sed -e '/# am--include-marker/d' Makefile         | make -f - am--depfiles
make[1]: Entering directory '/home/timo/crowntitanium/minicrown'
make[1]: Nothing to be done for 'am--depfiles'.
make[1]: Leaving directory '/home/timo/crowntitanium/minicrown'
config.status:1171: $? = 0
